2026/03/02 23:49:35 nousd 0.2.0-dev starting...
2026/03/02 23:49:35 data directory: C:UsersAdministrator.nous2
2026/03/02 23:49:35 genesis loaded: 9c7eb084792532a2
2026/03/02 23:49:35 recovering chain state from 4913 stored blocks...
2026/03/02 23:49:36 chain state recovered: height=4913
2026/03/02 23:49:36 p2p: listening on [::]:9334
2026/03/02 23:49:36 rpc: listening on [::]:9335
2026/03/02 23:49:38 sync: orphan block 0097bf60c116f933 (parent 0018790fb25510d4) stored (1 orphans)
2026/03/02 23:49:38 sync: orphan block 0018790fb25510d4 (parent 001149a73d04e4fc) stored (2 orphans)
2026/03/02 23:49:38 sync: orphan block 0038090d31b45356 (parent 0097bf60c116f933) stored (3 orphans)
2026/03/02 23:49:38 sync: orphan block 001149a73d04e4fc (parent 001ec297c5209b0a) stored (4 orphans)
2026/03/02 23:49:39 sync: orphan block 001ec297c5209b0a (parent 007ae53509196b16) stored (5 orphans)
2026/03/02 23:49:39 sync: starting from peer 80.78.26.7:9333 (height 135, our height 4913)
2026/03/02 23:49:42 sync: orphan block 007ae53509196b16 (parent 004a31eeca84aae5) stored (6 orphans)
2026/03/02 23:49:42 sync: orphan block 006500058ee87afa (parent 0038090d31b45356) stored (7 orphans)
2026/03/02 23:49:43 sync: orphan block 00899f1a23cd0059 (parent 006500058ee87afa) stored (8 orphans)
2026/03/02 23:49:44 sync: orphan block 004a31eeca84aae5 (parent 00ac098c42413eb7) stored (9 orphans)
2026/03/02 23:49:44 sync: orphan block 046efc6998a2cdd1 (parent 0000000000000000) stored (10 orphans)
2026/03/02 23:49:44 sync: orphan block 001fdbdbbd93e4e2 (parent 046efc6998a2cdd1) stored (11 orphans)
2026/03/02 23:49:44 sync: orphan block 00f5de842366357f (parent 001fdbdbbd93e4e2) stored (12 orphans)
2026/03/02 23:49:44 sync: orphan block 00d6c7758726e471 (parent 00f5de842366357f) stored (13 orphans)
2026/03/02 23:49:45 sync: orphan block 009a53138137bd78 (parent 00d6c7758726e471) stored (14 orphans)
2026/03/02 23:49:45 sync: orphan block 009f7c3a6bdf1bb7 (parent 009a53138137bd78) stored (15 orphans)
2026/03/02 23:49:45 sync: orphan block 00e4ffb650a19edd (parent 009f7c3a6bdf1bb7) stored (16 orphans)
2026/03/02 23:49:45 sync: orphan block 000466cfb5ab9267 (parent 00e4ffb650a19edd) stored (17 orphans)
2026/03/02 23:49:45 sync: orphan block 00d935eb5750ed15 (parent 000466cfb5ab9267) stored (18 orphans)
2026/03/02 23:49:45 sync: orphan block 0002869768a419bd (parent 00d935eb5750ed15) stored (19 orphans)
2026/03/02 23:49:45 sync: orphan block 0053d71a631648fd (parent 0002869768a419bd) stored (20 orphans)
2026/03/02 23:49:45 sync: orphan block 0007fa1765f37b2a (parent 0053d71a631648fd) stored (21 orphans)
2026/03/02 23:49:45 sync: orphan block 00c58f145dfc2fad (parent 0007fa1765f37b2a) stored (22 orphans)
2026/03/02 23:49:46 sync: orphan block 0086167f140c65d8 (parent 00c58f145dfc2fad) stored (23 orphans)
2026/03/02 23:49:46 sync: orphan block 00707e32a59e3906 (parent 0086167f140c65d8) stored (24 orphans)
2026/03/02 23:49:46 sync: orphan block 00dbea581440e785 (parent 00707e32a59e3906) stored (25 orphans)
2026/03/02 23:49:46 sync: orphan block 0041bb58548f84ef (parent 00dbea581440e785) stored (26 orphans)
2026/03/02 23:49:46 sync: orphan block 00e3b297f75b4fe7 (parent 0041bb58548f84ef) stored (27 orphans)
2026/03/02 23:49:46 sync: orphan block 004258963700eff6 (parent 00e3b297f75b4fe7) stored (28 orphans)
2026/03/02 23:49:46 sync: orphan block 003cc12ece87e3a4 (parent 004258963700eff6) stored (29 orphans)
2026/03/02 23:49:46 sync: orphan block 003a03a4967508eb (parent 003cc12ece87e3a4) stored (30 orphans)
2026/03/02 23:49:46 sync: orphan block 0062a8d402f93d0c (parent 003a03a4967508eb) stored (31 orphans)
2026/03/02 23:49:46 sync: orphan block 009aaa1a76afa353 (parent 0062a8d402f93d0c) stored (32 orphans)
2026/03/02 23:49:46 sync: orphan block 006d05027c3de12c (parent 009aaa1a76afa353) stored (33 orphans)
2026/03/02 23:49:46 sync: orphan block 004331e8530856be (parent 006d05027c3de12c) stored (34 orphans)
2026/03/02 23:49:46 sync: orphan block 0035d4d3e738398e (parent 004331e8530856be) stored (35 orphans)
2026/03/02 23:49:46 sync: orphan block 00864d4694e56684 (parent 0035d4d3e738398e) stored (36 orphans)
2026/03/02 23:49:46 sync: orphan block 0082208826357a70 (parent 00864d4694e56684) stored (37 orphans)
2026/03/02 23:49:47 sync: orphan block 00407893467b4451 (parent 0082208826357a70) stored (38 orphans)
2026/03/02 23:49:47 sync: orphan block 00d2ba2b289b96d3 (parent 00407893467b4451) stored (39 orphans)
2026/03/02 23:49:47 sync: orphan block 0008d0adc90becd3 (parent 00d2ba2b289b96d3) stored (40 orphans)
2026/03/02 23:49:47 sync: orphan block 003e0ec80c197be5 (parent 0008d0adc90becd3) stored (41 orphans)
2026/03/02 23:49:47 sync: orphan block 0007819e92372825 (parent 003e0ec80c197be5) stored (42 orphans)
2026/03/02 23:49:47 sync: orphan block 0063ab6a2e59f957 (parent 0007819e92372825) stored (43 orphans)
2026/03/02 23:49:47 sync: orphan block 0012b180f723041c (parent 0063ab6a2e59f957) stored (44 orphans)
2026/03/02 23:49:47 sync: orphan block 00296f01d2963730 (parent 0012b180f723041c) stored (45 orphans)
2026/03/02 23:49:47 sync: orphan block 005b3a9d83d019ad (parent 00296f01d2963730) stored (46 orphans)
2026/03/02 23:49:47 sync: orphan block 00495ec4f5bd8f01 (parent 005b3a9d83d019ad) stored (47 orphans)
2026/03/02 23:49:47 sync: orphan block 00d48ffd9022379c (parent 00495ec4f5bd8f01) stored (48 orphans)
2026/03/02 23:49:47 sync: orphan block 000a61db4d14be9f (parent 00d48ffd9022379c) stored (49 orphans)
2026/03/02 23:49:47 sync: orphan block 00396e4e6cbcc781 (parent 000a61db4d14be9f) stored (50 orphans)
2026/03/02 23:49:47 sync: orphan block 00cc5f34fd8d507c (parent 00396e4e6cbcc781) stored (51 orphans)
2026/03/02 23:49:48 sync: orphan block 0019edd21835090f (parent 00cc5f34fd8d507c) stored (52 orphans)
2026/03/02 23:49:48 sync: orphan block 003407c241d0ace3 (parent 0019edd21835090f) stored (53 orphans)
2026/03/02 23:49:48 sync: orphan block 00a3f5d162760a7c (parent 003407c241d0ace3) stored (54 orphans)
2026/03/02 23:49:48 sync: orphan block 00121ddde2689f36 (parent 00a3f5d162760a7c) stored (55 orphans)
2026/03/02 23:49:48 sync: orphan block 007255569f089976 (parent 00121ddde2689f36) stored (56 orphans)
2026/03/02 23:49:48 sync: orphan block 00d018806eccdd9f (parent 007255569f089976) stored (57 orphans)
2026/03/02 23:49:48 sync: orphan block 00cbea37c9dbe0f3 (parent 00d018806eccdd9f) stored (58 orphans)
2026/03/02 23:49:48 sync: orphan block 0074d48696a7d4ef (parent 00cbea37c9dbe0f3) stored (59 orphans)
2026/03/02 23:49:49 sync: orphan block 00e3754005fd60e7 (parent 0074d48696a7d4ef) stored (60 orphans)
2026/03/02 23:49:49 sync: orphan block 001d44692e283c45 (parent 00e3754005fd60e7) stored (61 orphans)
2026/03/02 23:49:49 sync: orphan block 0000c1beeac9d665 (parent 001d44692e283c45) stored (62 orphans)
2026/03/02 23:49:49 sync: orphan block 002ccf551c947f4f (parent 0000c1beeac9d665) stored (63 orphans)
2026/03/02 23:49:49 sync: orphan block 008e370d0ce6bb84 (parent 002ccf551c947f4f) stored (64 orphans)
2026/03/02 23:49:49 sync: orphan block 00ad2f3a972876cf (parent 008e370d0ce6bb84) stored (65 orphans)
2026/03/02 23:49:49 sync: orphan block 00a0d5adaeaf1ffa (parent 00ad2f3a972876cf) stored (66 orphans)
2026/03/02 23:49:49 sync: orphan block 00c402b5f7a7cb4d (parent 00a0d5adaeaf1ffa) stored (67 orphans)
2026/03/02 23:49:49 sync: orphan block 00d34fe7e5dab40f (parent 00c402b5f7a7cb4d) stored (68 orphans)
2026/03/02 23:49:49 sync: orphan block 00dfbf235cfbe9cc (parent 00d34fe7e5dab40f) stored (69 orphans)
2026/03/02 23:49:49 sync: orphan block 0069654d8714c641 (parent 00dfbf235cfbe9cc) stored (70 orphans)
2026/03/02 23:49:50 sync: orphan block 008c773683580639 (parent 0069654d8714c641) stored (71 orphans)
2026/03/02 23:49:50 sync: orphan block 00cca24cb08b078b (parent 008c773683580639) stored (72 orphans)
2026/03/02 23:49:51 sync: orphan block 005e35d4a33d7d26 (parent 00cca24cb08b078b) stored (73 orphans)
2026/03/02 23:49:51 sync: orphan block 00abcc5e96c7b406 (parent 005e35d4a33d7d26) stored (74 orphans)
2026/03/02 23:49:51 sync: orphan block 00597ded16c8b518 (parent 00abcc5e96c7b406) stored (75 orphans)
2026/03/02 23:49:52 sync: orphan block 002f92dac27af98e (parent 00597ded16c8b518) stored (76 orphans)
2026/03/02 23:49:52 sync: orphan block 00cfaba351f12fd6 (parent 002f92dac27af98e) stored (77 orphans)
2026/03/02 23:49:52 sync: orphan block 004b8f64d8a1d93b (parent 00cfaba351f12fd6) stored (78 orphans)
2026/03/02 23:49:52 sync: orphan block 0009d4bb0d4ea45b (parent 004b8f64d8a1d93b) stored (79 orphans)
2026/03/02 23:49:53 sync: orphan block 0085c1fceb78c039 (parent 0009d4bb0d4ea45b) stored (80 orphans)
2026/03/02 23:49:53 sync: orphan block 00294be60f81b205 (parent 0085c1fceb78c039) stored (81 orphans)
2026/03/02 23:49:53 sync: orphan block 009059eb6b3ea735 (parent 00294be60f81b205) stored (82 orphans)
2026/03/02 23:49:53 sync: orphan block 005bd0ab086b651a (parent 009059eb6b3ea735) stored (83 orphans)
2026/03/02 23:49:53 sync: orphan block 00cfa484150b62e9 (parent 005bd0ab086b651a) stored (84 orphans)
2026/03/02 23:49:53 sync: orphan block 00679966e91a0f10 (parent 00cfa484150b62e9) stored (85 orphans)
2026/03/02 23:49:53 sync: orphan block 0073a6705782fe42 (parent 00679966e91a0f10) stored (86 orphans)
2026/03/02 23:49:53 sync: orphan block 003d918ca44cd363 (parent 0073a6705782fe42) stored (87 orphans)
2026/03/02 23:49:53 sync: orphan block 0042823f863f49b6 (parent 003d918ca44cd363) stored (88 orphans)
2026/03/02 23:49:53 sync: orphan block 00559513850a8f7d (parent 0042823f863f49b6) stored (89 orphans)
2026/03/02 23:49:53 sync: orphan block 004e4cd73e375a78 (parent 00559513850a8f7d) stored (90 orphans)
2026/03/02 23:49:53 sync: orphan block 002b0d06e2e041c8 (parent 004e4cd73e375a78) stored (91 orphans)
2026/03/02 23:49:53 sync: orphan block 0056c355d30d6fe3 (parent 002b0d06e2e041c8) stored (92 orphans)
2026/03/02 23:49:53 sync: orphan block 007449353b6a4e6a (parent 0056c355d30d6fe3) stored (93 orphans)
2026/03/02 23:49:53 sync: orphan block 0030406774da1423 (parent 007449353b6a4e6a) stored (94 orphans)
2026/03/02 23:49:53 sync: orphan block 001f9a355054db1c (parent 0030406774da1423) stored (95 orphans)
2026/03/02 23:49:53 sync: orphan block 006f703159803e17 (parent 001f9a355054db1c) stored (96 orphans)
2026/03/02 23:49:54 sync: orphan block 001db63edf5148e0 (parent 006f703159803e17) stored (97 orphans)
2026/03/02 23:49:54 sync: orphan block 00648e38b9fde27a (parent 001db63edf5148e0) stored (98 orphans)
2026/03/02 23:49:54 sync: orphan block 001eab476c85164d (parent 00648e38b9fde27a) stored (99 orphans)
2026/03/02 23:49:54 sync: orphan block 00251e6516b06a7c (parent 001eab476c85164d) stored (100 orphans)
2026/03/02 23:49:54 sync: orphan block 007a86c1bffab4d5 (parent 00251e6516b06a7c) stored (101 orphans)
2026/03/02 23:49:54 sync: orphan block 0057f9ceb1335b18 (parent 007a86c1bffab4d5) stored (102 orphans)
2026/03/02 23:49:54 sync: orphan block 0072148d339d8dae (parent 0057f9ceb1335b18) stored (103 orphans)
2026/03/02 23:49:54 sync: orphan block 0057f646dfe0fd4e (parent 0072148d339d8dae) stored (104 orphans)
2026/03/02 23:49:54 sync: orphan block 006fd8c56d61a616 (parent 0057f646dfe0fd4e) stored (105 orphans)
2026/03/02 23:49:54 sync: orphan block 00b15b13c66bd352 (parent 006fd8c56d61a616) stored (106 orphans)
2026/03/02 23:49:54 sync: orphan block 00bf07a672f22499 (parent 00b15b13c66bd352) stored (107 orphans)
2026/03/02 23:49:55 sync: orphan block 0029f860d5ff9b83 (parent 00bf07a672f22499) stored (108 orphans)
2026/03/02 23:49:55 sync: orphan block 005034dd30688443 (parent 0029f860d5ff9b83) stored (109 orphans)
2026/03/02 23:49:55 sync: orphan block 00438d3ee540e88a (parent 005034dd30688443) stored (110 orphans)
2026/03/02 23:49:55 sync: orphan block 00829173abf5ff2f (parent 00438d3ee540e88a) stored (111 orphans)
2026/03/02 23:49:55 sync: orphan block 0065a0bea7c495f9 (parent 00829173abf5ff2f) stored (112 orphans)
2026/03/02 23:49:55 sync: orphan block 00833d031e6256f4 (parent 0065a0bea7c495f9) stored (113 orphans)
2026/03/02 23:49:55 sync: orphan block 005656ae2431f0d4 (parent 00833d031e6256f4) stored (114 orphans)
2026/03/02 23:49:55 sync: orphan block 004110d5cddb9913 (parent 005656ae2431f0d4) stored (115 orphans)
2026/03/02 23:49:55 sync: orphan block 00557a5f9b0ec908 (parent 004110d5cddb9913) stored (116 orphans)
2026/03/02 23:49:59 sync: orphan block 00729ff92a1bb0f2 (parent 00557a5f9b0ec908) stored (117 orphans)
2026/03/02 23:49:59 sync: orphan block 0025fd18c6a95051 (parent 00729ff92a1bb0f2) stored (118 orphans)
2026/03/02 23:49:59 sync: orphan block 002869319be735b2 (parent 0025fd18c6a95051) stored (119 orphans)
2026/03/02 23:49:59 sync: orphan block 0049092e6b9512f7 (parent 002869319be735b2) stored (120 orphans)
2026/03/02 23:49:59 sync: orphan block 005057875451397a (parent 0049092e6b9512f7) stored (121 orphans)
2026/03/02 23:49:59 sync: orphan block 009dd680cb6eea8f (parent 005057875451397a) stored (122 orphans)
2026/03/02 23:49:59 sync: orphan block 00a1781b26eeb1b0 (parent 009dd680cb6eea8f) stored (123 orphans)
2026/03/02 23:49:59 sync: orphan block 00521bb805ce075c (parent 00a1781b26eeb1b0) stored (124 orphans)
2026/03/02 23:49:59 sync: orphan block 009ca9b1e03dfe64 (parent 00521bb805ce075c) stored (125 orphans)
2026/03/02 23:49:59 sync: orphan block 0005cb1c538e102d (parent 009ca9b1e03dfe64) stored (126 orphans)
2026/03/02 23:50:00 sync: orphan block 00039abe74003c64 (parent 0005cb1c538e102d) stored (127 orphans)
2026/03/02 23:50:00 sync: orphan block 00168785f2403b7d (parent 00039abe74003c64) stored (128 orphans)
2026/03/02 23:50:00 sync: orphan block 004ecf5abdbf2f17 (parent 00168785f2403b7d) stored (129 orphans)
2026/03/02 23:50:00 sync: orphan block 00683a907f4c8405 (parent 004ecf5abdbf2f17) stored (130 orphans)
2026/03/02 23:50:00 sync: orphan block 0017d1197ce3f812 (parent 00683a907f4c8405) stored (131 orphans)
2026/03/02 23:50:00 sync: orphan block 005d045cf70f275e (parent 0017d1197ce3f812) stored (132 orphans)
2026/03/02 23:50:00 sync: orphan block 006d6082ef09bdde (parent 005d045cf70f275e) stored (133 orphans)
2026/03/02 23:50:00 sync: orphan block 001b200bf75075e0 (parent 006d6082ef09bdde) stored (134 orphans)
2026/03/02 23:50:00 sync: orphan block 0071e62619b59c0e (parent 001b200bf75075e0) stored (135 orphans)
2026/03/02 23:50:00 sync: orphan block 001126e9994b9c04 (parent 0071e62619b59c0e) stored (136 orphans)
2026/03/02 23:50:01 sync: orphan block 005e3f783f565b32 (parent 001126e9994b9c04) stored (137 orphans)
2026/03/02 23:50:01 sync: orphan block 002dab6619049808 (parent 00899f1a23cd0059) stored (138 orphans)
2026/03/02 23:50:01 sync: orphan block 0076da2985e6244e (parent 005e3f783f565b32) stored (139 orphans)
2026/03/02 23:50:01 sync: orphan block 00a88e178229eb64 (parent 0076da2985e6244e) stored (140 orphans)
2026/03/02 23:50:01 sync: orphan block 00ac098c42413eb7 (parent 00a88e178229eb64) stored (141 orphans)
2026/03/02 23:50:14 sync: orphan block 002cb3a02737362b (parent 002dab6619049808) stored (142 orphans)
